<?xml version="1.0" encoding="UTF-8"?>
<!-- Generated by org.testng.reporters.JUnitXMLReporter -->
<testsuite ignored="2" hostname="DESKTOP-LDJ4TC5" failures="0" tests="2" name="Test3" time="18.565" errors="0" timestamp="2025-10-15T12:02:52 IST">
  <testcase classname="testCaseRepo.TC_004" name="ORG_001" time="8.745"/>
  <testcase classname="testCaseRepo.TC_001" name="LE_001" time="9.443"/>
  <testcase classname="genericUtility.BaseClass" name="@BeforeSuite createDBConnection" time="0.0">
    <ignored/>
  </testcase> <!-- @BeforeSuite createDBConnection -->
  <testcase classname="genericUtility.BaseClass" name="@AfterSuite closeDBConnection" time="0.0">
    <ignored/>
  </testcase> <!-- @AfterSuite closeDBConnection -->
</testsuite> <!-- Test3 -->
