<?xml version="1.0" encoding="UTF-8"?>
<!-- Generated by org.testng.reporters.JUnitReportReporter -->
<testsuite hostname="DESKTOP-LDJ4TC5" failures="0" tests="3" name="practice.TestNGPractice" time="0.013" errors="0" timestamp="2025-10-07T12:54:23 IST" skipped="1">
  <testcase classname="practice.TestNGPractice" name="modifyUser" time="0.003"/>
  <testcase classname="practice.TestNGPractice" name="createUser" time="0.010"/>
  <testcase classname="practice.TestNGPractice" name="deleteUser">
    <skipped/>
  </testcase> <!-- deleteUser -->
</testsuite> <!-- practice.TestNGPractice -->
